  main.cpp
e:\users\kris\documents\college\fifth year onedrive\onedrive\fifth year - computers\cs7057 - real-time physics\assignments\code\real-time-physics-a5\a5\a5\antons_maths_funcs.h(518): warning C4244: 'return': conversion from 'double' to 'float', possible loss of data
e:\users\kris\documents\college\fifth year onedrive\onedrive\fifth year - computers\cs7057 - real-time physics\assignments\code\real-time-physics-a5\a5\a5\antons_maths_funcs.h(522): warning C4244: 'initializing': conversion from 'double' to 'float', possible loss of data
e:\users\kris\documents\college\fifth year onedrive\onedrive\fifth year - computers\cs7057 - real-time physics\assignments\code\real-time-physics-a5\a5\a5\antons_maths_funcs.h(717): warning C4244: 'initializing': conversion from 'double' to 'float', possible loss of data
e:\users\kris\documents\college\fifth year onedrive\onedrive\fifth year - computers\cs7057 - real-time physics\assignments\code\real-time-physics-a5\a5\a5\antons_maths_funcs.h(729): warning C4244: 'initializing': conversion from 'double' to 'float', possible loss of data
e:\users\kris\documents\college\fifth year onedrive\onedrive\fifth year - computers\cs7057 - real-time physics\assignments\code\real-time-physics-a5\a5\a5\antons_maths_funcs.h(741): warning C4244: 'initializing': conversion from 'double' to 'float', possible loss of data
e:\users\kris\documents\college\fifth year onedrive\onedrive\fifth year - computers\cs7057 - real-time physics\assignments\code\real-time-physics-a5\a5\a5\antons_maths_funcs.h(789): warning C4244: 'initializing': conversion from 'double' to 'float', possible loss of data
e:\users\kris\documents\college\fifth year onedrive\onedrive\fifth year - computers\cs7057 - real-time physics\assignments\code\real-time-physics-a5\a5\a5\antons_maths_funcs.h(806): warning C4244: '=': conversion from 'double' to 'float', possible loss of data
e:\users\kris\documents\college\fifth year onedrive\onedrive\fifth year - computers\cs7057 - real-time physics\assignments\code\real-time-physics-a5\a5\a5\antons_maths_funcs.h(807): warning C4244: '=': conversion from 'double' to 'float', possible loss of data
e:\users\kris\documents\college\fifth year onedrive\onedrive\fifth year - computers\cs7057 - real-time physics\assignments\code\real-time-physics-a5\a5\a5\antons_maths_funcs.h(808): warning C4244: '=': conversion from 'double' to 'float', possible loss of data
e:\users\kris\documents\college\fifth year onedrive\onedrive\fifth year - computers\cs7057 - real-time physics\assignments\code\real-time-physics-a5\a5\a5\antons_maths_funcs.h(809): warning C4244: '=': conversion from 'double' to 'float', possible loss of data
e:\users\kris\documents\college\fifth year onedrive\onedrive\fifth year - computers\cs7057 - real-time physics\assignments\code\real-time-physics-a5\a5\a5\antons_maths_funcs.h(814): warning C4244: 'argument': conversion from 'double' to 'float', possible loss of data
e:\users\kris\documents\college\fifth year onedrive\onedrive\fifth year - computers\cs7057 - real-time physics\assignments\code\real-time-physics-a5\a5\a5\camera.h(129): warning C4244: 'return': conversion from 'double' to 'GLfloat', possible loss of data
e:\users\kris\documents\college\fifth year onedrive\onedrive\fifth year - computers\cs7057 - real-time physics\assignments\code\real-time-physics-a5\a5\a5\planerotation.h(16): warning C4244: 'return': conversion from 'double' to 'GLfloat', possible loss of data
e:\users\kris\documents\college\fifth year onedrive\onedrive\fifth year - computers\cs7057 - real-time physics\assignments\code\real-time-physics-a5\a5\a5\rigidbody.h(276): warning C4244: 'argument': conversion from 'GLuint' to 'float', possible loss of data
e:\users\kris\documents\college\fifth year onedrive\onedrive\fifth year - computers\cs7057 - real-time physics\assignments\code\real-time-physics-a5\a5\a5\rigidbody.h(291): warning C4305: 'initializing': truncation from 'double' to 'float'
e:\users\kris\documents\college\fifth year onedrive\onedrive\fifth year - computers\cs7057 - real-time physics\assignments\code\real-time-physics-a5\a5\a5\rigidbody.h(292): warning C4305: 'initializing': truncation from 'double' to 'float'
e:\users\kris\documents\college\fifth year onedrive\onedrive\fifth year - computers\cs7057 - real-time physics\assignments\code\real-time-physics-a5\a5\a5\rigidbody.h(299): warning C4018: '<': signed/unsigned mismatch
e:\users\kris\documents\college\fifth year onedrive\onedrive\fifth year - computers\cs7057 - real-time physics\assignments\code\real-time-physics-a5\a5\a5\rigidbody.h(578): warning C4018: '<': signed/unsigned mismatch
e:\users\kris\documents\college\fifth year onedrive\onedrive\fifth year - computers\cs7057 - real-time physics\assignments\code\real-time-physics-a5\a5\a5\rigidbody.h(685): warning C4018: '<': signed/unsigned mismatch
e:\users\kris\documents\college\fifth year onedrive\onedrive\fifth year - computers\cs7057 - real-time physics\assignments\code\real-time-physics-a5\a5\a5\rigidbody.h(704): warning C4018: '<': signed/unsigned mismatch
e:\users\kris\documents\college\fifth year onedrive\onedrive\fifth year - computers\cs7057 - real-time physics\assignments\code\real-time-physics-a5\a5\a5\rigidbody.h(770): warning C4018: '<': signed/unsigned mismatch
e:\users\kris\documents\college\fifth year onedrive\onedrive\fifth year - computers\cs7057 - real-time physics\assignments\code\real-time-physics-a5\a5\a5\rigidbody.h(772): warning C4018: '<': signed/unsigned mismatch
e:\users\kris\documents\college\fifth year onedrive\onedrive\fifth year - computers\cs7057 - real-time physics\assignments\code\real-time-physics-a5\a5\a5\rigidbody.h(782): warning C4018: '<': signed/unsigned mismatch
e:\users\kris\documents\college\fifth year onedrive\onedrive\fifth year - computers\cs7057 - real-time physics\assignments\code\real-time-physics-a5\a5\a5\main.cpp(327): warning C4244: '=': conversion from 'int' to 'GLfloat', possible loss of data
e:\users\kris\documents\college\fifth year onedrive\onedrive\fifth year - computers\cs7057 - real-time physics\assignments\code\real-time-physics-a5\a5\a5\main.cpp(328): warning C4244: '=': conversion from 'int' to 'GLfloat', possible loss of data
e:\users\kris\documents\college\fifth year onedrive\onedrive\fifth year - computers\cs7057 - real-time physics\assignments\code\real-time-physics-a5\a5\a5\main.cpp(335): warning C4244: '=': conversion from 'int' to 'GLfloat', possible loss of data
e:\users\kris\documents\college\fifth year onedrive\onedrive\fifth year - computers\cs7057 - real-time physics\assignments\code\real-time-physics-a5\a5\a5\main.cpp(336): warning C4244: '=': conversion from 'int' to 'GLfloat', possible loss of data
e:\users\kris\documents\college\fifth year onedrive\onedrive\fifth year - computers\cs7057 - real-time physics\assignments\code\real-time-physics-a5\a5\a5\main.cpp(350): warning C4244: 'argument': conversion from 'time_t' to 'unsigned int', possible loss of data
  A5.vcxproj -> E:\Users\Kris\Documents\College\Fifth Year OneDrive\OneDrive\Fifth Year - Computers\CS7057 - Real-Time Physics\Assignments\Code\Real-Time-Physics-A5\A5\Debug\A5.exe
